2022-07-26 01:48:58,826 - Log4JLogChute initialized using file 'velocity.log'
2022-07-26 01:48:58,827 - Initializing Velocity, Calling init()...
2022-07-26 01:48:58,828 - Starting Apache Velocity v1.7 (compiled: 2010-11-19 12:14:37)
2022-07-26 01:48:58,828 - Default Properties File: org\apache\velocity\runtime\defaults\velocity.properties
2022-07-26 01:48:58,828 - Trying to use logger class org.apache.velocity.runtime.log.AvalonLogChute
2022-07-26 01:48:58,828 - Target log system for org.apache.velocity.runtime.log.AvalonLogChute is not available (java.lang.NoClassDefFoundError: org/apache/log/Priority).  Falling back to next log system...
2022-07-26 01:48:58,828 - Trying to use logger class org.apache.velocity.runtime.log.Log4JLogChute
2022-07-26 01:48:58,828 - Using logger class org.apache.velocity.runtime.log.Log4JLogChute
2022-07-26 01:48:58,833 - ResourceLoader instantiated: org.apache.velocity.runtime.resource.loader.ClasspathResourceLoader
2022-07-26 01:48:58,880 - ResourceCache: initialized (class org.apache.velocity.runtime.resource.ResourceCacheImpl) with class java.util.Collections$SynchronizedMap cache map.
2022-07-26 01:48:58,884 - Loaded System Directive: org.apache.velocity.runtime.directive.Stop
2022-07-26 01:48:58,885 - Loaded System Directive: org.apache.velocity.runtime.directive.Define
2022-07-26 01:48:58,886 - Loaded System Directive: org.apache.velocity.runtime.directive.Break
2022-07-26 01:48:58,887 - Loaded System Directive: org.apache.velocity.runtime.directive.Evaluate
2022-07-26 01:48:58,888 - Loaded System Directive: org.apache.velocity.runtime.directive.Literal
2022-07-26 01:48:58,898 - Loaded System Directive: org.apache.velocity.runtime.directive.Macro
2022-07-26 01:48:58,912 - Loaded System Directive: org.apache.velocity.runtime.directive.Parse
2022-07-26 01:48:58,913 - Loaded System Directive: org.apache.velocity.runtime.directive.Include
2022-07-26 01:48:58,914 - Loaded System Directive: org.apache.velocity.runtime.directive.Foreach
2022-07-26 01:48:58,956 - Created '20' parsers.
2022-07-26 01:48:58,960 - Velocimacro : "velocimacro.library" is not set.  Trying default library: VM_global_library.vm
2022-07-26 01:48:58,977 - Could not load resource 'VM_global_library.vm' from ResourceLoader org.apache.velocity.runtime.resource.loader.ClasspathResourceLoader: ClasspathResourceLoader Error: cannot find resource VM_global_library.vm
2022-07-26 01:48:58,977 - Velocimacro : Default library not found.
2022-07-26 01:48:58,977 - Velocimacro : allowInline = true : VMs can be defined inline in templates
2022-07-26 01:48:58,977 - Velocimacro : allowInlineToOverride = false : VMs defined inline may NOT replace previous VM definitions
2022-07-26 01:48:58,977 - Velocimacro : allowInlineLocal = false : VMs defined inline will be global in scope if allowed.
2022-07-26 01:48:58,977 - Velocimacro : autoload off : VM system will not automatically reload global library macros
2022-07-26 01:48:59,027 - ResourceManager : found template/Entity.java.vm with loader org.apache.velocity.runtime.resource.loader.ClasspathResourceLoader
2022-07-26 01:48:59,086 - ResourceManager : found template/Mapper.java.vm with loader org.apache.velocity.runtime.resource.loader.ClasspathResourceLoader
2022-07-26 01:48:59,088 - ResourceManager : found template/Service.java.vm with loader org.apache.velocity.runtime.resource.loader.ClasspathResourceLoader
2022-07-26 01:48:59,091 - ResourceManager : found template/ServiceImpl.java.vm with loader org.apache.velocity.runtime.resource.loader.ClasspathResourceLoader
2022-07-26 01:48:59,103 - ResourceManager : found template/Controller.java.vm with loader org.apache.velocity.runtime.resource.loader.ClasspathResourceLoader
2022-07-26 01:48:59,117 - ResourceManager : found template/Mapper.xml.vm with loader org.apache.velocity.runtime.resource.loader.ClasspathResourceLoader
2022-07-26 01:48:59,129 - Null reference [template 'template/Mapper.xml.vm', line 14, column 22] : ${sort} cannot be resolved.
2022-07-26 01:48:59,129 - Null reference [template 'template/Mapper.xml.vm', line 14, column 30] : ${sequence} cannot be resolved.
2022-07-26 01:48:59,135 - ResourceManager : found template/VueEntity.vue.vm with loader org.apache.velocity.runtime.resource.loader.ClasspathResourceLoader
2022-07-26 01:48:59,135 - Null reference [template 'template/VueEntity.vue.vm', line 4, column 60] : $t cannot be resolved.
2022-07-26 01:48:59,135 - Null reference [template 'template/VueEntity.vue.vm', line 5, column 61] : $t cannot be resolved.
2022-07-26 01:48:59,135 - Null reference [template 'template/VueEntity.vue.vm', line 6, column 60] : $t cannot be resolved.
2022-07-26 01:48:59,135 - Null reference [template 'template/VueEntity.vue.vm', line 8, column 12] : $t cannot be resolved.
2022-07-26 01:48:59,135 - Null reference [template 'template/VueEntity.vue.vm', line 11, column 12] : $t cannot be resolved.
2022-07-26 01:48:59,135 - Null reference [template 'template/VueEntity.vue.vm', line 14, column 12] : $t cannot be resolved.
2022-07-26 01:48:59,135 - Null reference [template 'template/VueEntity.vue.vm', line 18, column 12] : $t cannot be resolved.
2022-07-26 01:48:59,135 - Null reference [template 'template/VueEntity.vue.vm', line 21, column 12] : $t cannot be resolved.
2022-07-26 01:48:59,135 - Null reference [template 'template/VueEntity.vue.vm', line 36, column 32] : $t cannot be resolved.
2022-07-26 01:48:59,135 - Null reference [template 'template/VueEntity.vue.vm', line 37, column 32] : $t cannot be resolved.
2022-07-26 01:48:59,135 - Null reference [template 'template/VueEntity.vue.vm', line 38, column 32] : $t cannot be resolved.
2022-07-26 01:48:59,135 - Null reference [template 'template/VueEntity.vue.vm', line 39, column 32] : $t cannot be resolved.
2022-07-26 01:48:59,135 - Null reference [template 'template/VueEntity.vue.vm', line 40, column 32] : $t cannot be resolved.
2022-07-26 01:48:59,135 - Null reference [template 'template/VueEntity.vue.vm', line 41, column 36] : $index cannot be resolved.
2022-07-26 01:48:59,135 - Null reference [template 'template/VueEntity.vue.vm', line 43, column 50] : $t cannot be resolved.
2022-07-26 01:48:59,135 - Null reference [template 'template/VueEntity.vue.vm', line 45, column 86] : $t cannot be resolved.
2022-07-26 01:48:59,135 - Null reference [template 'template/VueEntity.vue.vm', line 47, column 46] : $refs['popover-'].doClose() cannot be resolved.
2022-07-26 01:48:59,135 - Null reference [template 'template/VueEntity.vue.vm', line 47, column 78] : $t cannot be resolved.
2022-07-26 01:48:59,135 - Null reference [template 'template/VueEntity.vue.vm', line 48, column 61] : $refs['popover-'].doClose() cannot be resolved.
2022-07-26 01:48:59,135 - Null reference [template 'template/VueEntity.vue.vm', line 48, column 106] : $index cannot be resolved.
2022-07-26 01:48:59,135 - Null reference [template 'template/VueEntity.vue.vm', line 48, column 118] : $t cannot be resolved.
2022-07-26 01:48:59,135 - Null reference [template 'template/VueEntity.vue.vm', line 51, column 46] : $t cannot be resolved.
2022-07-26 01:48:59,135 - Null reference [template 'template/VueEntity.vue.vm', line 62, column 31] : $t cannot be resolved.
2022-07-26 01:48:59,135 - Null reference [template 'template/VueEntity.vue.vm', line 63, column 59] : $t cannot be resolved.
2022-07-26 01:48:59,135 - Null reference [template 'template/VueEntity.vue.vm', line 65, column 31] : $t cannot be resolved.
2022-07-26 01:48:59,135 - Null reference [template 'template/VueEntity.vue.vm', line 66, column 60] : $t cannot be resolved.
2022-07-26 01:48:59,135 - Null reference [template 'template/VueEntity.vue.vm', line 68, column 31] : $t cannot be resolved.
2022-07-26 01:48:59,135 - Null reference [template 'template/VueEntity.vue.vm', line 69, column 95] : $t cannot be resolved.
2022-07-26 01:48:59,135 - Null reference [template 'template/VueEntity.vue.vm', line 71, column 31] : $t cannot be resolved.
2022-07-26 01:48:59,135 - Null reference [template 'template/VueEntity.vue.vm', line 72, column 70] : $t cannot be resolved.
2022-07-26 01:48:59,135 - Null reference [template 'template/VueEntity.vue.vm', line 74, column 31] : $t cannot be resolved.
2022-07-26 01:48:59,135 - Null reference [template 'template/VueEntity.vue.vm', line 75, column 33] : $t cannot be resolved.
2022-07-26 01:48:59,135 - Null reference [template 'template/VueEntity.vue.vm', line 76, column 83] : $t cannot be resolved.
2022-07-26 01:48:59,135 - Null reference [template 'template/VueEntity.vue.vm', line 85, column 14] : $t cannot be resolved.
2022-07-26 01:48:59,135 - Null reference [template 'template/VueEntity.vue.vm', line 88, column 14] : $t cannot be resolved.
2022-07-26 01:48:59,136 - Null reference [template 'template/VueEntity.vue.vm', line 128, column 22] : $t cannot be resolved.
2022-07-26 01:48:59,136 - Null reference [template 'template/VueEntity.vue.vm', line 129, column 22] : $t cannot be resolved.
2022-07-26 01:48:59,136 - Null reference [template 'template/VueEntity.vue.vm', line 180, column 12] : $nextTick cannot be resolved.
2022-07-26 01:48:59,136 - Null reference [template 'template/VueEntity.vue.vm', line 181, column 14] : $refs['dataForm'].clearValidate() cannot be resolved.
2022-07-26 01:48:59,136 - Null reference [template 'template/VueEntity.vue.vm', line 185, column 16] : $refs.selectParentId.value cannot be resolved.
2022-07-26 01:48:59,136 - Null reference [template 'template/VueEntity.vue.vm', line 188, column 12] : $refs['dataForm'].validate cannot be resolved.
2022-07-26 01:48:59,136 - Null reference [template 'template/VueEntity.vue.vm', line 197, column 20] : $message cannot be resolved.
2022-07-26 01:48:59,136 - Null reference [template 'template/VueEntity.vue.vm', line 198, column 31] : $t cannot be resolved.
2022-07-26 01:48:59,139 - Null reference [template 'template/VueEntity.vue.vm', line 214, column 12] : $nextTick cannot be resolved.
2022-07-26 01:48:59,139 - Null reference [template 'template/VueEntity.vue.vm', line 215, column 14] : $refs['dataForm'].clearValidate() cannot be resolved.
2022-07-26 01:48:59,139 - Null reference [template 'template/VueEntity.vue.vm', line 217, column 34] : $t cannot be resolved.
2022-07-26 01:48:59,140 - Null reference [template 'template/VueEntity.vue.vm', line 224, column 16] : $refs.selectParentId.value cannot be resolved.
2022-07-26 01:48:59,140 - Null reference [template 'template/VueEntity.vue.vm', line 227, column 12] : $refs['dataForm'].validate cannot be resolved.
2022-07-26 01:48:59,140 - Null reference [template 'template/VueEntity.vue.vm', line 240, column 20] : $message cannot be resolved.
2022-07-26 01:48:59,140 - Null reference [template 'template/VueEntity.vue.vm', line 241, column 31] : $t cannot be resolved.
2022-07-26 01:48:59,140 - Null reference [template 'template/VueEntity.vue.vm', line 258, column 35] : $t cannot be resolved.
2022-07-26 01:48:59,140 - Null reference [template 'template/VueEntity.vue.vm', line 261, column 14] : $confirm cannot be resolved.
2022-07-26 01:48:59,140 - Null reference [template 'template/VueEntity.vue.vm', line 261, column 28] : $t cannot be resolved.
2022-07-26 01:48:59,140 - Null reference [template 'template/VueEntity.vue.vm', line 261, column 68] : $t cannot be resolved.
2022-07-26 01:48:59,140 - Null reference [template 'template/VueEntity.vue.vm', line 262, column 35] : $t cannot be resolved.
2022-07-26 01:48:59,140 - Null reference [template 'template/VueEntity.vue.vm', line 263, column 34] : $t cannot be resolved.
2022-07-26 01:48:59,140 - Null reference [template 'template/VueEntity.vue.vm', line 273, column 16] : $message cannot be resolved.
2022-07-26 01:48:59,140 - Null reference [template 'template/VueEntity.vue.vm', line 274, column 27] : $t cannot be resolved.
2022-07-26 01:48:59,140 - Null reference [template 'template/VueEntity.vue.vm', line 291, column 31] : $t cannot be resolved.
2022-07-26 01:48:59,140 - Null reference [template 'template/VueEntity.vue.vm', line 296, column 12] : $message cannot be resolved.
2022-07-26 01:48:59,140 - Null reference [template 'template/VueEntity.vue.vm', line 303, column 12] : $nextTick cannot be resolved.
2022-07-26 01:48:59,141 - Null reference [template 'template/VueEntity.vue.vm', line 304, column 14] : $refs['dataForm'].clearValidate('parentId') cannot be resolved.
2022-07-26 01:48:59,141 - Null reference [template 'template/VueEntity.vue.vm', line 310, column 12] : $refs.selectParentId.blur() cannot be resolved.
2022-07-26 01:48:59,141 - Null reference [template 'template/VueEntity.vue.vm', line 319, column 40] : $t cannot be resolved.
2022-07-26 01:48:59,141 - Null reference [template 'template/VueEntity.vue.vm', line 326, column 40] : $t cannot be resolved.
2022-07-26 01:48:59,141 - Null reference [template 'template/VueEntity.vue.vm', line 333, column 40] : $t cannot be resolved.
2022-07-26 01:48:59,143 - ResourceManager : found template/MobileEntity.vue.vm with loader org.apache.velocity.runtime.resource.loader.ClasspathResourceLoader
2022-07-26 01:48:59,143 - Null reference [template 'template/MobileEntity.vue.vm', line 67, column 43] : $adpid cannot be resolved.
2022-07-26 01:48:59,148 - ResourceManager : found template/Entity.js.vm with loader org.apache.velocity.runtime.resource.loader.ClasspathResourceLoader
2022-07-26 01:48:59,149 - Null reference [template 'template/Entity.js.vm', line 208, column 24] : ${sorter.field} cannot be resolved.
2022-07-26 01:48:59,149 - Null reference [template 'template/Entity.js.vm', line 208, column 40] : ${sorter.order} cannot be resolved.
2022-07-26 01:48:59,152 - ResourceManager : found template/EntityModel.js.vm with loader org.apache.velocity.runtime.resource.loader.ClasspathResourceLoader
2022-07-26 01:50:23,259 - ResourceManager : found template/Entity.java.vm with loader org.apache.velocity.runtime.resource.loader.ClasspathResourceLoader
2022-07-26 01:50:23,261 - ResourceManager : found template/Mapper.java.vm with loader org.apache.velocity.runtime.resource.loader.ClasspathResourceLoader
2022-07-26 01:50:23,263 - ResourceManager : found template/Service.java.vm with loader org.apache.velocity.runtime.resource.loader.ClasspathResourceLoader
2022-07-26 01:50:23,274 - ResourceManager : found template/ServiceImpl.java.vm with loader org.apache.velocity.runtime.resource.loader.ClasspathResourceLoader
2022-07-26 01:50:23,285 - ResourceManager : found template/Controller.java.vm with loader org.apache.velocity.runtime.resource.loader.ClasspathResourceLoader
2022-07-26 01:50:23,288 - ResourceManager : found template/Mapper.xml.vm with loader org.apache.velocity.runtime.resource.loader.ClasspathResourceLoader
2022-07-26 01:50:23,288 - Null reference [template 'template/Mapper.xml.vm', line 14, column 22] : ${sort} cannot be resolved.
2022-07-26 01:50:23,288 - Null reference [template 'template/Mapper.xml.vm', line 14, column 30] : ${sequence} cannot be resolved.
2022-07-26 01:50:23,329 - ResourceManager : found template/VueEntity.vue.vm with loader org.apache.velocity.runtime.resource.loader.ClasspathResourceLoader
2022-07-26 01:50:23,329 - Null reference [template 'template/VueEntity.vue.vm', line 4, column 60] : $t cannot be resolved.
2022-07-26 01:50:23,329 - Null reference [template 'template/VueEntity.vue.vm', line 5, column 61] : $t cannot be resolved.
2022-07-26 01:50:23,329 - Null reference [template 'template/VueEntity.vue.vm', line 6, column 60] : $t cannot be resolved.
2022-07-26 01:50:23,329 - Null reference [template 'template/VueEntity.vue.vm', line 8, column 12] : $t cannot be resolved.
2022-07-26 01:50:23,329 - Null reference [template 'template/VueEntity.vue.vm', line 11, column 12] : $t cannot be resolved.
2022-07-26 01:50:23,329 - Null reference [template 'template/VueEntity.vue.vm', line 14, column 12] : $t cannot be resolved.
2022-07-26 01:50:23,329 - Null reference [template 'template/VueEntity.vue.vm', line 18, column 12] : $t cannot be resolved.
2022-07-26 01:50:23,329 - Null reference [template 'template/VueEntity.vue.vm', line 21, column 12] : $t cannot be resolved.
2022-07-26 01:50:23,329 - Null reference [template 'template/VueEntity.vue.vm', line 36, column 32] : $t cannot be resolved.
2022-07-26 01:50:23,329 - Null reference [template 'template/VueEntity.vue.vm', line 37, column 32] : $t cannot be resolved.
2022-07-26 01:50:23,330 - Null reference [template 'template/VueEntity.vue.vm', line 38, column 32] : $t cannot be resolved.
2022-07-26 01:50:23,330 - Null reference [template 'template/VueEntity.vue.vm', line 39, column 32] : $t cannot be resolved.
2022-07-26 01:50:23,330 - Null reference [template 'template/VueEntity.vue.vm', line 40, column 32] : $t cannot be resolved.
2022-07-26 01:50:23,330 - Null reference [template 'template/VueEntity.vue.vm', line 41, column 36] : $index cannot be resolved.
2022-07-26 01:50:23,330 - Null reference [template 'template/VueEntity.vue.vm', line 43, column 50] : $t cannot be resolved.
2022-07-26 01:50:23,330 - Null reference [template 'template/VueEntity.vue.vm', line 45, column 86] : $t cannot be resolved.
2022-07-26 01:50:23,330 - Null reference [template 'template/VueEntity.vue.vm', line 47, column 46] : $refs['popover-'].doClose() cannot be resolved.
2022-07-26 01:50:23,330 - Null reference [template 'template/VueEntity.vue.vm', line 47, column 78] : $t cannot be resolved.
2022-07-26 01:50:23,330 - Null reference [template 'template/VueEntity.vue.vm', line 48, column 61] : $refs['popover-'].doClose() cannot be resolved.
2022-07-26 01:50:23,330 - Null reference [template 'template/VueEntity.vue.vm', line 48, column 106] : $index cannot be resolved.
2022-07-26 01:50:23,330 - Null reference [template 'template/VueEntity.vue.vm', line 48, column 118] : $t cannot be resolved.
2022-07-26 01:50:23,330 - Null reference [template 'template/VueEntity.vue.vm', line 51, column 46] : $t cannot be resolved.
2022-07-26 01:50:23,330 - Null reference [template 'template/VueEntity.vue.vm', line 62, column 31] : $t cannot be resolved.
2022-07-26 01:50:23,330 - Null reference [template 'template/VueEntity.vue.vm', line 63, column 59] : $t cannot be resolved.
2022-07-26 01:50:23,330 - Null reference [template 'template/VueEntity.vue.vm', line 65, column 31] : $t cannot be resolved.
2022-07-26 01:50:23,330 - Null reference [template 'template/VueEntity.vue.vm', line 66, column 60] : $t cannot be resolved.
2022-07-26 01:50:23,330 - Null reference [template 'template/VueEntity.vue.vm', line 68, column 31] : $t cannot be resolved.
2022-07-26 01:50:23,330 - Null reference [template 'template/VueEntity.vue.vm', line 69, column 95] : $t cannot be resolved.
2022-07-26 01:50:23,330 - Null reference [template 'template/VueEntity.vue.vm', line 71, column 31] : $t cannot be resolved.
2022-07-26 01:50:23,330 - Null reference [template 'template/VueEntity.vue.vm', line 72, column 70] : $t cannot be resolved.
2022-07-26 01:50:23,330 - Null reference [template 'template/VueEntity.vue.vm', line 74, column 31] : $t cannot be resolved.
2022-07-26 01:50:23,330 - Null reference [template 'template/VueEntity.vue.vm', line 75, column 33] : $t cannot be resolved.
2022-07-26 01:50:23,330 - Null reference [template 'template/VueEntity.vue.vm', line 76, column 83] : $t cannot be resolved.
2022-07-26 01:50:23,330 - Null reference [template 'template/VueEntity.vue.vm', line 85, column 14] : $t cannot be resolved.
2022-07-26 01:50:23,330 - Null reference [template 'template/VueEntity.vue.vm', line 88, column 14] : $t cannot be resolved.
2022-07-26 01:50:23,330 - Null reference [template 'template/VueEntity.vue.vm', line 128, column 22] : $t cannot be resolved.
2022-07-26 01:50:23,330 - Null reference [template 'template/VueEntity.vue.vm', line 129, column 22] : $t cannot be resolved.
2022-07-26 01:50:23,330 - Null reference [template 'template/VueEntity.vue.vm', line 180, column 12] : $nextTick cannot be resolved.
2022-07-26 01:50:23,330 - Null reference [template 'template/VueEntity.vue.vm', line 181, column 14] : $refs['dataForm'].clearValidate() cannot be resolved.
2022-07-26 01:50:23,330 - Null reference [template 'template/VueEntity.vue.vm', line 185, column 16] : $refs.selectParentId.value cannot be resolved.
2022-07-26 01:50:23,330 - Null reference [template 'template/VueEntity.vue.vm', line 188, column 12] : $refs['dataForm'].validate cannot be resolved.
2022-07-26 01:50:23,330 - Null reference [template 'template/VueEntity.vue.vm', line 197, column 20] : $message cannot be resolved.
2022-07-26 01:50:23,331 - Null reference [template 'template/VueEntity.vue.vm', line 198, column 31] : $t cannot be resolved.
2022-07-26 01:50:23,331 - Null reference [template 'template/VueEntity.vue.vm', line 214, column 12] : $nextTick cannot be resolved.
2022-07-26 01:50:23,331 - Null reference [template 'template/VueEntity.vue.vm', line 215, column 14] : $refs['dataForm'].clearValidate() cannot be resolved.
2022-07-26 01:50:23,331 - Null reference [template 'template/VueEntity.vue.vm', line 217, column 34] : $t cannot be resolved.
2022-07-26 01:50:23,331 - Null reference [template 'template/VueEntity.vue.vm', line 224, column 16] : $refs.selectParentId.value cannot be resolved.
2022-07-26 01:50:23,331 - Null reference [template 'template/VueEntity.vue.vm', line 227, column 12] : $refs['dataForm'].validate cannot be resolved.
2022-07-26 01:50:23,331 - Null reference [template 'template/VueEntity.vue.vm', line 240, column 20] : $message cannot be resolved.
2022-07-26 01:50:23,331 - Null reference [template 'template/VueEntity.vue.vm', line 241, column 31] : $t cannot be resolved.
2022-07-26 01:50:23,331 - Null reference [template 'template/VueEntity.vue.vm', line 258, column 35] : $t cannot be resolved.
2022-07-26 01:50:23,331 - Null reference [template 'template/VueEntity.vue.vm', line 261, column 14] : $confirm cannot be resolved.
2022-07-26 01:50:23,331 - Null reference [template 'template/VueEntity.vue.vm', line 261, column 28] : $t cannot be resolved.
2022-07-26 01:50:23,331 - Null reference [template 'template/VueEntity.vue.vm', line 261, column 68] : $t cannot be resolved.
2022-07-26 01:50:23,331 - Null reference [template 'template/VueEntity.vue.vm', line 262, column 35] : $t cannot be resolved.
2022-07-26 01:50:23,331 - Null reference [template 'template/VueEntity.vue.vm', line 263, column 34] : $t cannot be resolved.
2022-07-26 01:50:23,331 - Null reference [template 'template/VueEntity.vue.vm', line 273, column 16] : $message cannot be resolved.
2022-07-26 01:50:23,331 - Null reference [template 'template/VueEntity.vue.vm', line 274, column 27] : $t cannot be resolved.
2022-07-26 01:50:23,331 - Null reference [template 'template/VueEntity.vue.vm', line 291, column 31] : $t cannot be resolved.
2022-07-26 01:50:23,331 - Null reference [template 'template/VueEntity.vue.vm', line 296, column 12] : $message cannot be resolved.
2022-07-26 01:50:23,331 - Null reference [template 'template/VueEntity.vue.vm', line 303, column 12] : $nextTick cannot be resolved.
2022-07-26 01:50:23,331 - Null reference [template 'template/VueEntity.vue.vm', line 304, column 14] : $refs['dataForm'].clearValidate('parentId') cannot be resolved.
2022-07-26 01:50:23,331 - Null reference [template 'template/VueEntity.vue.vm', line 310, column 12] : $refs.selectParentId.blur() cannot be resolved.
2022-07-26 01:50:23,331 - Null reference [template 'template/VueEntity.vue.vm', line 319, column 40] : $t cannot be resolved.
2022-07-26 01:50:23,331 - Null reference [template 'template/VueEntity.vue.vm', line 326, column 40] : $t cannot be resolved.
2022-07-26 01:50:23,331 - Null reference [template 'template/VueEntity.vue.vm', line 333, column 40] : $t cannot be resolved.
2022-07-26 01:50:23,332 - ResourceManager : found template/MobileEntity.vue.vm with loader org.apache.velocity.runtime.resource.loader.ClasspathResourceLoader
2022-07-26 01:50:23,332 - Null reference [template 'template/MobileEntity.vue.vm', line 67, column 43] : $adpid cannot be resolved.
2022-07-26 01:50:23,355 - ResourceManager : found template/Entity.js.vm with loader org.apache.velocity.runtime.resource.loader.ClasspathResourceLoader
2022-07-26 01:50:23,356 - Null reference [template 'template/Entity.js.vm', line 208, column 24] : ${sorter.field} cannot be resolved.
2022-07-26 01:50:23,356 - Null reference [template 'template/Entity.js.vm', line 208, column 40] : ${sorter.order} cannot be resolved.
2022-07-26 01:50:23,359 - ResourceManager : found template/EntityModel.js.vm with loader org.apache.velocity.runtime.resource.loader.ClasspathResourceLoader
2022-07-26 01:56:43,841 - ResourceManager : found template/Entity.java.vm with loader org.apache.velocity.runtime.resource.loader.ClasspathResourceLoader
2022-07-26 01:56:43,842 - ResourceManager : found template/Mapper.java.vm with loader org.apache.velocity.runtime.resource.loader.ClasspathResourceLoader
2022-07-26 01:56:43,844 - ResourceManager : found template/Service.java.vm with loader org.apache.velocity.runtime.resource.loader.ClasspathResourceLoader
2022-07-26 01:56:43,846 - ResourceManager : found template/ServiceImpl.java.vm with loader org.apache.velocity.runtime.resource.loader.ClasspathResourceLoader
2022-07-26 01:56:43,849 - ResourceManager : found template/Controller.java.vm with loader org.apache.velocity.runtime.resource.loader.ClasspathResourceLoader
2022-07-26 01:56:43,852 - ResourceManager : found template/Mapper.xml.vm with loader org.apache.velocity.runtime.resource.loader.ClasspathResourceLoader
2022-07-26 01:56:43,852 - Null reference [template 'template/Mapper.xml.vm', line 14, column 22] : ${sort} cannot be resolved.
2022-07-26 01:56:43,852 - Null reference [template 'template/Mapper.xml.vm', line 14, column 30] : ${sequence} cannot be resolved.
2022-07-26 01:56:43,854 - ResourceManager : found template/VueEntity.vue.vm with loader org.apache.velocity.runtime.resource.loader.ClasspathResourceLoader
2022-07-26 01:56:43,854 - Null reference [template 'template/VueEntity.vue.vm', line 4, column 60] : $t cannot be resolved.
2022-07-26 01:56:43,854 - Null reference [template 'template/VueEntity.vue.vm', line 5, column 61] : $t cannot be resolved.
2022-07-26 01:56:43,854 - Null reference [template 'template/VueEntity.vue.vm', line 6, column 60] : $t cannot be resolved.
2022-07-26 01:56:43,854 - Null reference [template 'template/VueEntity.vue.vm', line 8, column 12] : $t cannot be resolved.
2022-07-26 01:56:43,854 - Null reference [template 'template/VueEntity.vue.vm', line 11, column 12] : $t cannot be resolved.
2022-07-26 01:56:43,854 - Null reference [template 'template/VueEntity.vue.vm', line 14, column 12] : $t cannot be resolved.
2022-07-26 01:56:43,854 - Null reference [template 'template/VueEntity.vue.vm', line 18, column 12] : $t cannot be resolved.
2022-07-26 01:56:43,854 - Null reference [template 'template/VueEntity.vue.vm', line 21, column 12] : $t cannot be resolved.
2022-07-26 01:56:43,854 - Null reference [template 'template/VueEntity.vue.vm', line 36, column 32] : $t cannot be resolved.
2022-07-26 01:56:43,854 - Null reference [template 'template/VueEntity.vue.vm', line 37, column 32] : $t cannot be resolved.
2022-07-26 01:56:43,854 - Null reference [template 'template/VueEntity.vue.vm', line 38, column 32] : $t cannot be resolved.
2022-07-26 01:56:43,854 - Null reference [template 'template/VueEntity.vue.vm', line 39, column 32] : $t cannot be resolved.
2022-07-26 01:56:43,854 - Null reference [template 'template/VueEntity.vue.vm', line 40, column 32] : $t cannot be resolved.
2022-07-26 01:56:43,854 - Null reference [template 'template/VueEntity.vue.vm', line 41, column 36] : $index cannot be resolved.
2022-07-26 01:56:43,854 - Null reference [template 'template/VueEntity.vue.vm', line 43, column 50] : $t cannot be resolved.
2022-07-26 01:56:43,854 - Null reference [template 'template/VueEntity.vue.vm', line 45, column 86] : $t cannot be resolved.
2022-07-26 01:56:43,854 - Null reference [template 'template/VueEntity.vue.vm', line 47, column 46] : $refs['popover-'].doClose() cannot be resolved.
2022-07-26 01:56:43,854 - Null reference [template 'template/VueEntity.vue.vm', line 47, column 78] : $t cannot be resolved.
2022-07-26 01:56:43,854 - Null reference [template 'template/VueEntity.vue.vm', line 48, column 61] : $refs['popover-'].doClose() cannot be resolved.
2022-07-26 01:56:43,854 - Null reference [template 'template/VueEntity.vue.vm', line 48, column 106] : $index cannot be resolved.
2022-07-26 01:56:43,854 - Null reference [template 'template/VueEntity.vue.vm', line 48, column 118] : $t cannot be resolved.
2022-07-26 01:56:43,854 - Null reference [template 'template/VueEntity.vue.vm', line 51, column 46] : $t cannot be resolved.
2022-07-26 01:56:43,854 - Null reference [template 'template/VueEntity.vue.vm', line 62, column 31] : $t cannot be resolved.
2022-07-26 01:56:43,854 - Null reference [template 'template/VueEntity.vue.vm', line 63, column 59] : $t cannot be resolved.
2022-07-26 01:56:43,854 - Null reference [template 'template/VueEntity.vue.vm', line 65, column 31] : $t cannot be resolved.
2022-07-26 01:56:43,854 - Null reference [template 'template/VueEntity.vue.vm', line 66, column 60] : $t cannot be resolved.
2022-07-26 01:56:43,854 - Null reference [template 'template/VueEntity.vue.vm', line 68, column 31] : $t cannot be resolved.
2022-07-26 01:56:43,854 - Null reference [template 'template/VueEntity.vue.vm', line 69, column 95] : $t cannot be resolved.
2022-07-26 01:56:43,854 - Null reference [template 'template/VueEntity.vue.vm', line 71, column 31] : $t cannot be resolved.
2022-07-26 01:56:43,854 - Null reference [template 'template/VueEntity.vue.vm', line 72, column 70] : $t cannot be resolved.
2022-07-26 01:56:43,854 - Null reference [template 'template/VueEntity.vue.vm', line 74, column 31] : $t cannot be resolved.
2022-07-26 01:56:43,855 - Null reference [template 'template/VueEntity.vue.vm', line 75, column 33] : $t cannot be resolved.
2022-07-26 01:56:43,855 - Null reference [template 'template/VueEntity.vue.vm', line 76, column 83] : $t cannot be resolved.
2022-07-26 01:56:43,855 - Null reference [template 'template/VueEntity.vue.vm', line 85, column 14] : $t cannot be resolved.
2022-07-26 01:56:43,855 - Null reference [template 'template/VueEntity.vue.vm', line 88, column 14] : $t cannot be resolved.
2022-07-26 01:56:43,855 - Null reference [template 'template/VueEntity.vue.vm', line 128, column 22] : $t cannot be resolved.
2022-07-26 01:56:43,855 - Null reference [template 'template/VueEntity.vue.vm', line 129, column 22] : $t cannot be resolved.
2022-07-26 01:56:43,855 - Null reference [template 'template/VueEntity.vue.vm', line 180, column 12] : $nextTick cannot be resolved.
2022-07-26 01:56:43,855 - Null reference [template 'template/VueEntity.vue.vm', line 181, column 14] : $refs['dataForm'].clearValidate() cannot be resolved.
2022-07-26 01:56:43,855 - Null reference [template 'template/VueEntity.vue.vm', line 185, column 16] : $refs.selectParentId.value cannot be resolved.
2022-07-26 01:56:43,855 - Null reference [template 'template/VueEntity.vue.vm', line 188, column 12] : $refs['dataForm'].validate cannot be resolved.
2022-07-26 01:56:43,855 - Null reference [template 'template/VueEntity.vue.vm', line 197, column 20] : $message cannot be resolved.
2022-07-26 01:56:43,855 - Null reference [template 'template/VueEntity.vue.vm', line 198, column 31] : $t cannot be resolved.
2022-07-26 01:56:43,855 - Null reference [template 'template/VueEntity.vue.vm', line 214, column 12] : $nextTick cannot be resolved.
2022-07-26 01:56:43,855 - Null reference [template 'template/VueEntity.vue.vm', line 215, column 14] : $refs['dataForm'].clearValidate() cannot be resolved.
2022-07-26 01:56:43,855 - Null reference [template 'template/VueEntity.vue.vm', line 217, column 34] : $t cannot be resolved.
2022-07-26 01:56:43,855 - Null reference [template 'template/VueEntity.vue.vm', line 224, column 16] : $refs.selectParentId.value cannot be resolved.
2022-07-26 01:56:43,855 - Null reference [template 'template/VueEntity.vue.vm', line 227, column 12] : $refs['dataForm'].validate cannot be resolved.
2022-07-26 01:56:43,855 - Null reference [template 'template/VueEntity.vue.vm', line 240, column 20] : $message cannot be resolved.
2022-07-26 01:56:43,855 - Null reference [template 'template/VueEntity.vue.vm', line 241, column 31] : $t cannot be resolved.
2022-07-26 01:56:43,855 - Null reference [template 'template/VueEntity.vue.vm', line 258, column 35] : $t cannot be resolved.
2022-07-26 01:56:43,855 - Null reference [template 'template/VueEntity.vue.vm', line 261, column 14] : $confirm cannot be resolved.
2022-07-26 01:56:43,855 - Null reference [template 'template/VueEntity.vue.vm', line 261, column 28] : $t cannot be resolved.
2022-07-26 01:56:43,855 - Null reference [template 'template/VueEntity.vue.vm', line 261, column 68] : $t cannot be resolved.
2022-07-26 01:56:43,855 - Null reference [template 'template/VueEntity.vue.vm', line 262, column 35] : $t cannot be resolved.
2022-07-26 01:56:43,855 - Null reference [template 'template/VueEntity.vue.vm', line 263, column 34] : $t cannot be resolved.
2022-07-26 01:56:43,855 - Null reference [template 'template/VueEntity.vue.vm', line 273, column 16] : $message cannot be resolved.
2022-07-26 01:56:43,855 - Null reference [template 'template/VueEntity.vue.vm', line 274, column 27] : $t cannot be resolved.
2022-07-26 01:56:43,855 - Null reference [template 'template/VueEntity.vue.vm', line 291, column 31] : $t cannot be resolved.
2022-07-26 01:56:43,855 - Null reference [template 'template/VueEntity.vue.vm', line 296, column 12] : $message cannot be resolved.
2022-07-26 01:56:43,856 - Null reference [template 'template/VueEntity.vue.vm', line 303, column 12] : $nextTick cannot be resolved.
2022-07-26 01:56:43,856 - Null reference [template 'template/VueEntity.vue.vm', line 304, column 14] : $refs['dataForm'].clearValidate('parentId') cannot be resolved.
2022-07-26 01:56:43,856 - Null reference [template 'template/VueEntity.vue.vm', line 310, column 12] : $refs.selectParentId.blur() cannot be resolved.
2022-07-26 01:56:43,856 - Null reference [template 'template/VueEntity.vue.vm', line 319, column 40] : $t cannot be resolved.
2022-07-26 01:56:43,856 - Null reference [template 'template/VueEntity.vue.vm', line 326, column 40] : $t cannot be resolved.
2022-07-26 01:56:43,856 - Null reference [template 'template/VueEntity.vue.vm', line 333, column 40] : $t cannot be resolved.
2022-07-26 01:56:43,859 - ResourceManager : found template/MobileEntity.vue.vm with loader org.apache.velocity.runtime.resource.loader.ClasspathResourceLoader
2022-07-26 01:56:43,859 - Null reference [template 'template/MobileEntity.vue.vm', line 67, column 43] : $adpid cannot be resolved.
2022-07-26 01:56:43,863 - ResourceManager : found template/Entity.js.vm with loader org.apache.velocity.runtime.resource.loader.ClasspathResourceLoader
2022-07-26 01:56:43,863 - Null reference [template 'template/Entity.js.vm', line 208, column 24] : ${sorter.field} cannot be resolved.
2022-07-26 01:56:43,863 - Null reference [template 'template/Entity.js.vm', line 208, column 40] : ${sorter.order} cannot be resolved.
2022-07-26 01:56:43,864 - ResourceManager : found template/EntityModel.js.vm with loader org.apache.velocity.runtime.resource.loader.ClasspathResourceLoader
2022-07-26 02:12:31,860 - ResourceManager : found template/Entity.java.vm with loader org.apache.velocity.runtime.resource.loader.ClasspathResourceLoader
2022-07-26 02:12:31,880 - ResourceManager : found template/Mapper.java.vm with loader org.apache.velocity.runtime.resource.loader.ClasspathResourceLoader
2022-07-26 02:12:31,882 - ResourceManager : found template/Service.java.vm with loader org.apache.velocity.runtime.resource.loader.ClasspathResourceLoader
2022-07-26 02:12:31,884 - ResourceManager : found template/ServiceImpl.java.vm with loader org.apache.velocity.runtime.resource.loader.ClasspathResourceLoader
2022-07-26 02:12:31,887 - ResourceManager : found template/Controller.java.vm with loader org.apache.velocity.runtime.resource.loader.ClasspathResourceLoader
2022-07-26 02:12:31,892 - ResourceManager : found template/Mapper.xml.vm with loader org.apache.velocity.runtime.resource.loader.ClasspathResourceLoader
2022-07-26 02:12:31,892 - Null reference [template 'template/Mapper.xml.vm', line 14, column 22] : ${sort} cannot be resolved.
2022-07-26 02:12:31,892 - Null reference [template 'template/Mapper.xml.vm', line 14, column 30] : ${sequence} cannot be resolved.
2022-07-26 02:12:31,896 - ResourceManager : found template/VueEntity.vue.vm with loader org.apache.velocity.runtime.resource.loader.ClasspathResourceLoader
2022-07-26 02:12:31,897 - Null reference [template 'template/VueEntity.vue.vm', line 4, column 60] : $t cannot be resolved.
2022-07-26 02:12:31,897 - Null reference [template 'template/VueEntity.vue.vm', line 5, column 61] : $t cannot be resolved.
2022-07-26 02:12:31,897 - Null reference [template 'template/VueEntity.vue.vm', line 6, column 60] : $t cannot be resolved.
2022-07-26 02:12:31,897 - Null reference [template 'template/VueEntity.vue.vm', line 8, column 12] : $t cannot be resolved.
2022-07-26 02:12:31,897 - Null reference [template 'template/VueEntity.vue.vm', line 11, column 12] : $t cannot be resolved.
2022-07-26 02:12:31,897 - Null reference [template 'template/VueEntity.vue.vm', line 14, column 12] : $t cannot be resolved.
2022-07-26 02:12:31,897 - Null reference [template 'template/VueEntity.vue.vm', line 18, column 12] : $t cannot be resolved.
2022-07-26 02:12:31,897 - Null reference [template 'template/VueEntity.vue.vm', line 21, column 12] : $t cannot be resolved.
2022-07-26 02:12:31,897 - Null reference [template 'template/VueEntity.vue.vm', line 36, column 32] : $t cannot be resolved.
2022-07-26 02:12:31,897 - Null reference [template 'template/VueEntity.vue.vm', line 37, column 32] : $t cannot be resolved.
2022-07-26 02:12:31,897 - Null reference [template 'template/VueEntity.vue.vm', line 38, column 32] : $t cannot be resolved.
2022-07-26 02:12:31,897 - Null reference [template 'template/VueEntity.vue.vm', line 39, column 32] : $t cannot be resolved.
2022-07-26 02:12:31,897 - Null reference [template 'template/VueEntity.vue.vm', line 40, column 32] : $t cannot be resolved.
2022-07-26 02:12:31,897 - Null reference [template 'template/VueEntity.vue.vm', line 41, column 36] : $index cannot be resolved.
2022-07-26 02:12:31,897 - Null reference [template 'template/VueEntity.vue.vm', line 43, column 50] : $t cannot be resolved.
2022-07-26 02:12:31,897 - Null reference [template 'template/VueEntity.vue.vm', line 45, column 86] : $t cannot be resolved.
2022-07-26 02:12:31,897 - Null reference [template 'template/VueEntity.vue.vm', line 47, column 46] : $refs['popover-'].doClose() cannot be resolved.
2022-07-26 02:12:31,897 - Null reference [template 'template/VueEntity.vue.vm', line 47, column 78] : $t cannot be resolved.
2022-07-26 02:12:31,897 - Null reference [template 'template/VueEntity.vue.vm', line 48, column 61] : $refs['popover-'].doClose() cannot be resolved.
2022-07-26 02:12:31,897 - Null reference [template 'template/VueEntity.vue.vm', line 48, column 106] : $index cannot be resolved.
2022-07-26 02:12:31,897 - Null reference [template 'template/VueEntity.vue.vm', line 48, column 118] : $t cannot be resolved.
2022-07-26 02:12:31,897 - Null reference [template 'template/VueEntity.vue.vm', line 51, column 46] : $t cannot be resolved.
2022-07-26 02:12:31,897 - Null reference [template 'template/VueEntity.vue.vm', line 62, column 31] : $t cannot be resolved.
2022-07-26 02:12:31,897 - Null reference [template 'template/VueEntity.vue.vm', line 63, column 59] : $t cannot be resolved.
2022-07-26 02:12:31,897 - Null reference [template 'template/VueEntity.vue.vm', line 65, column 31] : $t cannot be resolved.
2022-07-26 02:12:31,897 - Null reference [template 'template/VueEntity.vue.vm', line 66, column 60] : $t cannot be resolved.
2022-07-26 02:12:31,897 - Null reference [template 'template/VueEntity.vue.vm', line 68, column 31] : $t cannot be resolved.
2022-07-26 02:12:31,897 - Null reference [template 'template/VueEntity.vue.vm', line 69, column 95] : $t cannot be resolved.
2022-07-26 02:12:31,897 - Null reference [template 'template/VueEntity.vue.vm', line 71, column 31] : $t cannot be resolved.
2022-07-26 02:12:31,897 - Null reference [template 'template/VueEntity.vue.vm', line 72, column 70] : $t cannot be resolved.
2022-07-26 02:12:31,897 - Null reference [template 'template/VueEntity.vue.vm', line 74, column 31] : $t cannot be resolved.
2022-07-26 02:12:31,897 - Null reference [template 'template/VueEntity.vue.vm', line 75, column 33] : $t cannot be resolved.
2022-07-26 02:12:31,897 - Null reference [template 'template/VueEntity.vue.vm', line 76, column 83] : $t cannot be resolved.
2022-07-26 02:12:31,897 - Null reference [template 'template/VueEntity.vue.vm', line 85, column 14] : $t cannot be resolved.
2022-07-26 02:12:31,897 - Null reference [template 'template/VueEntity.vue.vm', line 88, column 14] : $t cannot be resolved.
2022-07-26 02:12:31,897 - Null reference [template 'template/VueEntity.vue.vm', line 128, column 22] : $t cannot be resolved.
2022-07-26 02:12:31,897 - Null reference [template 'template/VueEntity.vue.vm', line 129, column 22] : $t cannot be resolved.
2022-07-26 02:12:31,897 - Null reference [template 'template/VueEntity.vue.vm', line 180, column 12] : $nextTick cannot be resolved.
2022-07-26 02:12:31,897 - Null reference [template 'template/VueEntity.vue.vm', line 181, column 14] : $refs['dataForm'].clearValidate() cannot be resolved.
2022-07-26 02:12:31,897 - Null reference [template 'template/VueEntity.vue.vm', line 185, column 16] : $refs.selectParentId.value cannot be resolved.
2022-07-26 02:12:31,897 - Null reference [template 'template/VueEntity.vue.vm', line 188, column 12] : $refs['dataForm'].validate cannot be resolved.
2022-07-26 02:12:31,897 - Null reference [template 'template/VueEntity.vue.vm', line 197, column 20] : $message cannot be resolved.
2022-07-26 02:12:31,897 - Null reference [template 'template/VueEntity.vue.vm', line 198, column 31] : $t cannot be resolved.
2022-07-26 02:12:31,897 - Null reference [template 'template/VueEntity.vue.vm', line 214, column 12] : $nextTick cannot be resolved.
2022-07-26 02:12:31,897 - Null reference [template 'template/VueEntity.vue.vm', line 215, column 14] : $refs['dataForm'].clearValidate() cannot be resolved.
2022-07-26 02:12:31,897 - Null reference [template 'template/VueEntity.vue.vm', line 217, column 34] : $t cannot be resolved.
2022-07-26 02:12:31,897 - Null reference [template 'template/VueEntity.vue.vm', line 224, column 16] : $refs.selectParentId.value cannot be resolved.
2022-07-26 02:12:31,897 - Null reference [template 'template/VueEntity.vue.vm', line 227, column 12] : $refs['dataForm'].validate cannot be resolved.
2022-07-26 02:12:31,897 - Null reference [template 'template/VueEntity.vue.vm', line 240, column 20] : $message cannot be resolved.
2022-07-26 02:12:31,897 - Null reference [template 'template/VueEntity.vue.vm', line 241, column 31] : $t cannot be resolved.
2022-07-26 02:12:31,897 - Null reference [template 'template/VueEntity.vue.vm', line 258, column 35] : $t cannot be resolved.
2022-07-26 02:12:31,897 - Null reference [template 'template/VueEntity.vue.vm', line 261, column 14] : $confirm cannot be resolved.
2022-07-26 02:12:31,897 - Null reference [template 'template/VueEntity.vue.vm', line 261, column 28] : $t cannot be resolved.
2022-07-26 02:12:31,897 - Null reference [template 'template/VueEntity.vue.vm', line 261, column 68] : $t cannot be resolved.
2022-07-26 02:12:31,898 - Null reference [template 'template/VueEntity.vue.vm', line 262, column 35] : $t cannot be resolved.
2022-07-26 02:12:31,898 - Null reference [template 'template/VueEntity.vue.vm', line 263, column 34] : $t cannot be resolved.
2022-07-26 02:12:31,898 - Null reference [template 'template/VueEntity.vue.vm', line 273, column 16] : $message cannot be resolved.
2022-07-26 02:12:31,898 - Null reference [template 'template/VueEntity.vue.vm', line 274, column 27] : $t cannot be resolved.
2022-07-26 02:12:31,898 - Null reference [template 'template/VueEntity.vue.vm', line 291, column 31] : $t cannot be resolved.
2022-07-26 02:12:31,898 - Null reference [template 'template/VueEntity.vue.vm', line 296, column 12] : $message cannot be resolved.
2022-07-26 02:12:31,898 - Null reference [template 'template/VueEntity.vue.vm', line 303, column 12] : $nextTick cannot be resolved.
2022-07-26 02:12:31,898 - Null reference [template 'template/VueEntity.vue.vm', line 304, column 14] : $refs['dataForm'].clearValidate('parentId') cannot be resolved.
2022-07-26 02:12:31,898 - Null reference [template 'template/VueEntity.vue.vm', line 310, column 12] : $refs.selectParentId.blur() cannot be resolved.
2022-07-26 02:12:31,898 - Null reference [template 'template/VueEntity.vue.vm', line 319, column 40] : $t cannot be resolved.
2022-07-26 02:12:31,898 - Null reference [template 'template/VueEntity.vue.vm', line 326, column 40] : $t cannot be resolved.
2022-07-26 02:12:31,898 - Null reference [template 'template/VueEntity.vue.vm', line 333, column 40] : $t cannot be resolved.
2022-07-26 02:12:31,899 - ResourceManager : found template/MobileEntity.vue.vm with loader org.apache.velocity.runtime.resource.loader.ClasspathResourceLoader
2022-07-26 02:12:31,900 - Null reference [template 'template/MobileEntity.vue.vm', line 67, column 43] : $adpid cannot be resolved.
2022-07-26 02:12:31,903 - ResourceManager : found template/Entity.js.vm with loader org.apache.velocity.runtime.resource.loader.ClasspathResourceLoader
2022-07-26 02:12:31,903 - Null reference [template 'template/Entity.js.vm', line 208, column 24] : ${sorter.field} cannot be resolved.
2022-07-26 02:12:31,903 - Null reference [template 'template/Entity.js.vm', line 208, column 40] : ${sorter.order} cannot be resolved.
2022-07-26 02:12:31,920 - ResourceManager : found template/EntityModel.js.vm with loader org.apache.velocity.runtime.resource.loader.ClasspathResourceLoader
