date:2022-08-02 17:18:42	thread:main	level:INFO 	logger:com.ctf.account.CtfAccountApplication           	msg:The following profiles are active: native
date:2022-08-02 17:18:55	thread:main	level:INFO 	logger:o.s.security.web.DefaultSecurityFilterChain     	msg:Creating filter chain: any request, [org.springframework.security.web.context.request.async.WebAsyncManagerIntegrationFilter@2c75b0c8, org.springframework.security.web.context.SecurityContextPersistenceFilter@3f3b0b19, org.springframework.security.web.header.HeaderWriterFilter@32dab011, org.springframework.security.web.authentication.logout.LogoutFilter@3405025a, org.springframework.security.oauth2.provider.authentication.OAuth2AuthenticationProcessingFilter@798ac54d, org.springframework.security.web.savedrequest.RequestCacheAwareFilter@ddd0e97, org.springframework.security.web.servletapi.SecurityContextHolderAwareRequestFilter@1215982f, org.springframework.security.web.authentication.AnonymousAuthenticationFilter@23c95292, org.springframework.security.web.session.SessionManagementFilter@79b3f1c6, org.springframework.security.web.access.ExceptionTranslationFilter@32fa7ff0, org.springframework.security.web.access.intercept.FilterSecurityInterceptor@2899745e]
date:2022-08-02 17:18:57	thread:main	level:INFO 	logger:com.ctf.account.CtfAccountApplication           	msg:Started CtfAccountApplication in 17.115 seconds (JVM running for 22.757)
date:2022-08-02 17:18:58	thread:RMI TCP Connection(12)-192.168.2.45	level:INFO 	logger:o.springframework.web.servlet.DispatcherServlet 	msg:Initializing Servlet 'dispatcherServlet'
date:2022-08-02 17:18:58	thread:RMI TCP Connection(12)-192.168.2.45	level:DEBUG	logger:o.springframework.web.servlet.DispatcherServlet 	msg:Detected StandardServletMultipartResolver
date:2022-08-02 17:18:58	thread:RMI TCP Connection(12)-192.168.2.45	level:DEBUG	logger:o.springframework.web.servlet.DispatcherServlet 	msg:enableLoggingRequestDetails='false': request parameters and headers will be masked to prevent unsafe logging of potentially sensitive data
date:2022-08-02 17:18:58	thread:RMI TCP Connection(12)-192.168.2.45	level:INFO 	logger:o.springframework.web.servlet.DispatcherServlet 	msg:Completed initialization in 100 ms
date:2022-08-02 17:19:29	thread:http-nio-10008-exec-1	level:DEBUG	logger:o.springframework.web.servlet.DispatcherServlet 	msg:GET "/account/captcha/generateImageCaptcha", parameters={}
date:2022-08-02 17:19:32	thread:http-nio-10008-exec-1	level:DEBUG	logger:o.springframework.web.servlet.DispatcherServlet 	msg:Completed 200 OK
date:2022-08-02 17:19:38	thread:http-nio-10008-exec-2	level:DEBUG	logger:o.springframework.web.servlet.DispatcherServlet 	msg:POST "/account/sysuserdetail/compareCaptcha?charCaptcha=pv3n", parameters={masked}
date:2022-08-02 17:19:38	thread:http-nio-10008-exec-2	level:DEBUG	logger:o.s.jdbc.datasource.DataSourceTransactionManager	msg:Creating new transaction with name [com.ctf.account.service.impl.SysUserDetailServiceImpl.compareCaptcha]: PROPAGATION_REQUIRED,ISOLATION_DEFAULT
date:2022-08-02 17:19:38	thread:http-nio-10008-exec-2	level:DEBUG	logger:o.s.jdbc.datasource.DataSourceTransactionManager	msg:Acquired Connection [com.mysql.cj.jdbc.ConnectionImpl@1b812e20] for JDBC transaction
date:2022-08-02 17:19:38	thread:http-nio-10008-exec-2	level:DEBUG	logger:o.s.jdbc.datasource.DataSourceTransactionManager	msg:Switching JDBC Connection [com.mysql.cj.jdbc.ConnectionImpl@1b812e20] to manual commit
date:2022-08-02 17:19:38	thread:http-nio-10008-exec-2	level:DEBUG	logger:o.s.jdbc.datasource.DataSourceTransactionManager	msg:Initiating transaction commit
date:2022-08-02 17:19:38	thread:http-nio-10008-exec-2	level:DEBUG	logger:o.s.jdbc.datasource.DataSourceTransactionManager	msg:Committing JDBC transaction on Connection [com.mysql.cj.jdbc.ConnectionImpl@1b812e20]
date:2022-08-02 17:19:38	thread:http-nio-10008-exec-2	level:DEBUG	logger:o.s.jdbc.datasource.DataSourceTransactionManager	msg:Releasing JDBC Connection [com.mysql.cj.jdbc.ConnectionImpl@1b812e20] after transaction
date:2022-08-02 17:19:38	thread:http-nio-10008-exec-2	level:DEBUG	logger:o.springframework.web.servlet.DispatcherServlet 	msg:Completed 200 OK
date:2022-08-02 17:19:40	thread:http-nio-10008-exec-3	level:DEBUG	logger:o.springframework.web.servlet.DispatcherServlet 	msg:POST "/account/sysuserdetail/queryCurrentAuthority?username=admin", parameters={masked}
date:2022-08-02 17:19:40	thread:http-nio-10008-exec-3	level:DEBUG	logger:o.s.jdbc.datasource.DataSourceTransactionManager	msg:Creating new transaction with name [com.ctf.account.service.impl.SysUserDetailServiceImpl.getRoleCodeBySysUser]: PROPAGATION_REQUIRED,ISOLATION_DEFAULT
date:2022-08-02 17:19:40	thread:http-nio-10008-exec-3	level:DEBUG	logger:o.s.jdbc.datasource.DataSourceTransactionManager	msg:Acquired Connection [com.mysql.cj.jdbc.ConnectionImpl@1b812e20] for JDBC transaction
date:2022-08-02 17:19:40	thread:http-nio-10008-exec-3	level:DEBUG	logger:o.s.jdbc.datasource.DataSourceTransactionManager	msg:Switching JDBC Connection [com.mysql.cj.jdbc.ConnectionImpl@1b812e20] to manual commit
date:2022-08-02 17:19:40	thread:http-nio-10008-exec-3	level:DEBUG	logger:c.c.a.m.SysUserDetailMapper.getRoleCodeBySysUser	msg:==>  Preparing: SELECT msr.role_code AS "roleCode" FROM mscode_sys_role msr,mscode_sys_role_user msru,mscode_sys_user msu WHERE msr.id = msru.role_id AND msu.id = msru.user_id AND (msu.username = ? OR msu.mobile = ?)
date:2022-08-02 17:19:40	thread:http-nio-10008-exec-3	level:DEBUG	logger:c.c.a.m.SysUserDetailMapper.getRoleCodeBySysUser	msg:==> Parameters: admin(String), null
date:2022-08-02 17:19:40	thread:http-nio-10008-exec-3	level:DEBUG	logger:c.c.a.m.SysUserDetailMapper.getRoleCodeBySysUser	msg:<==      Total: 2
date:2022-08-02 17:19:40	thread:http-nio-10008-exec-3	level:DEBUG	logger:o.s.jdbc.datasource.DataSourceTransactionManager	msg:Initiating transaction commit
date:2022-08-02 17:19:40	thread:http-nio-10008-exec-3	level:DEBUG	logger:o.s.jdbc.datasource.DataSourceTransactionManager	msg:Committing JDBC transaction on Connection [com.mysql.cj.jdbc.ConnectionImpl@1b812e20]
date:2022-08-02 17:19:40	thread:http-nio-10008-exec-3	level:DEBUG	logger:o.s.jdbc.datasource.DataSourceTransactionManager	msg:Releasing JDBC Connection [com.mysql.cj.jdbc.ConnectionImpl@1b812e20] after transaction
date:2022-08-02 17:19:40	thread:http-nio-10008-exec-3	level:DEBUG	logger:o.s.jdbc.datasource.DataSourceTransactionManager	msg:Creating new transaction with name [com.ctf.account.service.impl.SysUserDetailServiceImpl.querySysMenuAuthorityTree]: PROPAGATION_REQUIRED,ISOLATION_DEFAULT
date:2022-08-02 17:19:40	thread:http-nio-10008-exec-3	level:DEBUG	logger:o.s.jdbc.datasource.DataSourceTransactionManager	msg:Acquired Connection [com.mysql.cj.jdbc.ConnectionImpl@1b812e20] for JDBC transaction
date:2022-08-02 17:19:40	thread:http-nio-10008-exec-3	level:DEBUG	logger:o.s.jdbc.datasource.DataSourceTransactionManager	msg:Switching JDBC Connection [com.mysql.cj.jdbc.ConnectionImpl@1b812e20] to manual commit
date:2022-08-02 17:19:40	thread:http-nio-10008-exec-3	level:DEBUG	logger:c.c.a.m.S.querySysMenuAuthorityTree             	msg:==>  Preparing: SELECT CAST(id AS CHAR) AS "id",menu_path AS "path",menu_component AS "component",menu_code AS "name",menu_icon AS "icon",(CASE WHEN menu_status = 0 THEN 1 ELSE 0 END) AS "hideInMenu",CAST(parent_id AS CHAR) AS "parentId" FROM mscode_sys_menu WHERE id IN (SELECT menu_id FROM mscode_sys_role_menu mrm WHERE EXISTS (SELECT 1 FROM mscode_sys_role msr,mscode_sys_role_user msru,mscode_sys_user msu WHERE msr.id = msru.role_id AND msu.id = msru.user_id AND msr.id = mrm.role_id AND (msu.username = ? OR msu.mobile = ?))) ORDER BY menu_sequence ASC
date:2022-08-02 17:19:40	thread:http-nio-10008-exec-3	level:DEBUG	logger:c.c.a.m.S.querySysMenuAuthorityTree             	msg:==> Parameters: admin(String), null
date:2022-08-02 17:19:40	thread:http-nio-10008-exec-3	level:DEBUG	logger:c.c.a.m.S.querySysMenuAuthorityTree             	msg:<==      Total: 90
date:2022-08-02 17:19:40	thread:http-nio-10008-exec-3	level:DEBUG	logger:o.s.jdbc.datasource.DataSourceTransactionManager	msg:Initiating transaction commit
date:2022-08-02 17:19:40	thread:http-nio-10008-exec-3	level:DEBUG	logger:o.s.jdbc.datasource.DataSourceTransactionManager	msg:Committing JDBC transaction on Connection [com.mysql.cj.jdbc.ConnectionImpl@1b812e20]
date:2022-08-02 17:19:40	thread:http-nio-10008-exec-3	level:DEBUG	logger:o.s.jdbc.datasource.DataSourceTransactionManager	msg:Releasing JDBC Connection [com.mysql.cj.jdbc.ConnectionImpl@1b812e20] after transaction
date:2022-08-02 17:19:40	thread:http-nio-10008-exec-3	level:DEBUG	logger:o.s.jdbc.datasource.DataSourceTransactionManager	msg:Creating new transaction with name [com.ctf.account.service.impl.SysUserDetailServiceImpl.queryRoleMenuButton]: PROPAGATION_REQUIRED,ISOLATION_DEFAULT
date:2022-08-02 17:19:40	thread:http-nio-10008-exec-3	level:DEBUG	logger:o.s.jdbc.datasource.DataSourceTransactionManager	msg:Acquired Connection [com.mysql.cj.jdbc.ConnectionImpl@1b812e20] for JDBC transaction
date:2022-08-02 17:19:40	thread:http-nio-10008-exec-3	level:DEBUG	logger:o.s.jdbc.datasource.DataSourceTransactionManager	msg:Switching JDBC Connection [com.mysql.cj.jdbc.ConnectionImpl@1b812e20] to manual commit
date:2022-08-02 17:19:40	thread:http-nio-10008-exec-3	level:DEBUG	logger:c.c.a.m.SysUserDetailMapper.queryRoleMenuButton 	msg:==>  Preparing: SELECT mrm.menu_button AS "menuButton" FROM mscode_sys_role_menubutton mrm WHERE EXISTS (SELECT 1 FROM mscode_sys_role msr,mscode_sys_role_user msru,mscode_sys_user msu WHERE msr.id = msru.role_id AND msu.id = msru.user_id AND msr.role_code = mrm.role_code AND (msu.username = ? OR msu.mobile = ?))
date:2022-08-02 17:19:40	thread:http-nio-10008-exec-3	level:DEBUG	logger:c.c.a.m.SysUserDetailMapper.queryRoleMenuButton 	msg:==> Parameters: admin(String), null
date:2022-08-02 17:19:40	thread:http-nio-10008-exec-3	level:DEBUG	logger:c.c.a.m.SysUserDetailMapper.queryRoleMenuButton 	msg:<==      Total: 0
date:2022-08-02 17:19:40	thread:http-nio-10008-exec-3	level:DEBUG	logger:o.s.jdbc.datasource.DataSourceTransactionManager	msg:Initiating transaction commit
date:2022-08-02 17:19:40	thread:http-nio-10008-exec-3	level:DEBUG	logger:o.s.jdbc.datasource.DataSourceTransactionManager	msg:Committing JDBC transaction on Connection [com.mysql.cj.jdbc.ConnectionImpl@1b812e20]
date:2022-08-02 17:19:40	thread:http-nio-10008-exec-3	level:DEBUG	logger:o.s.jdbc.datasource.DataSourceTransactionManager	msg:Releasing JDBC Connection [com.mysql.cj.jdbc.ConnectionImpl@1b812e20] after transaction
date:2022-08-02 17:19:40	thread:http-nio-10008-exec-3	level:DEBUG	logger:o.springframework.web.servlet.DispatcherServlet 	msg:Completed 200 OK
date:2022-08-02 18:16:57	thread:Thread-4	level:WARN 	logger:c.alibaba.nacos.common.http.HttpClientBeanHolder	msg:[HttpClientBeanHolder] Start destroying common HttpClient
date:2022-08-02 18:16:57	thread:Thread-25	level:WARN 	logger:com.alibaba.nacos.common.notify.NotifyCenter    	msg:[NotifyCenter] Start destroying Publisher
date:2022-08-02 18:16:57	thread:Thread-25	level:WARN 	logger:com.alibaba.nacos.common.notify.NotifyCenter    	msg:[NotifyCenter] Destruction of the end
date:2022-08-02 18:16:57	thread:Thread-4	level:WARN 	logger:c.alibaba.nacos.common.http.HttpClientBeanHolder	msg:[HttpClientBeanHolder] Destruction of the end
date:2022-08-02 18:17:07	thread:SpringContextShutdownHook	level:WARN 	logger:com.alibaba.nacos.client.naming                 	msg:[NamingHttpClientManager] Start destroying NacosRestTemplate
date:2022-08-02 18:17:07	thread:SpringContextShutdownHook	level:WARN 	logger:com.alibaba.nacos.client.naming                 	msg:[NamingHttpClientManager] Destruction of the end
date:2022-08-02 18:17:07	thread:SpringContextShutdownHook	level:WARN 	logger:o.s.beans.factory.support.DisposableBeanAdapter 	msg:Destroy method 'close' on bean with name 'nacosServiceRegistry' threw an exception: java.lang.NullPointerException
