2022-27-07 16:54:14.663 [35m[background-preinit][0;39m [34mINFO [0;39m o.h.validator.internal.util.Version.<clinit> - HV000001: Hibernate Validator 6.1.7.Final
2022-27-07 16:54:15.453 [35m[main][0;39m [34mINFO [0;39m com.ctf.file.CtfFileApplication.logStartupProfileInfo - The following profiles are active: dev
2022-27-07 16:54:17.303 [35m[main][0;39m [31mWARN [0;39m o.m.s.mapper.ClassPathMapperScanner.warn - No MyBatis mapper was found in '[com.ctf.file]' package. Please check your configuration.
2022-27-07 16:54:17.468 [35m[main][0;39m [34mINFO [0;39m o.s.cloud.context.scope.GenericScope.setSerializationId - BeanFactory id=9a71694c-b039-3f9a-807f-0ca813457fd0
2022-27-07 16:54:17.703 [35m[main][0;39m [34mINFO [0;39m o.s.c.s.PostProcessorRegistrationDelegate$BeanPostProcessorChecker.postProcessAfterInitialization - Bean 'org.springframework.security.access.expression.method.DefaultMethodSecurityExpressionHandler@6c9a3661' of type [org.springframework.security.oauth2.provider.expression.OAuth2MethodSecurityExpressionHandler] is not eligible for getting processed by all BeanPostProcessors (for example: not eligible for auto-proxying)
2022-27-07 16:54:17.719 [35m[main][0;39m [34mINFO [0;39m o.s.c.s.PostProcessorRegistrationDelegate$BeanPostProcessorChecker.postProcessAfterInitialization - Bean 'methodSecurityMetadataSource' of type [org.springframework.security.access.method.DelegatingMethodSecurityMetadataSource] is not eligible for getting processed by all BeanPostProcessors (for example: not eligible for auto-proxying)
2022-27-07 16:54:18.144 [35m[main][0;39m [34mINFO [0;39m o.s.b.w.e.tomcat.TomcatWebServer.initialize - Tomcat initialized with port(s): 8080 (http)
2022-27-07 16:54:18.156 [35m[main][0;39m [34mINFO [0;39m o.a.coyote.http11.Http11NioProtocol.log - Initializing ProtocolHandler ["http-nio-8080"]
2022-27-07 16:54:18.157 [35m[main][0;39m [34mINFO [0;39m o.a.catalina.core.StandardService.log - Starting service [Tomcat]
2022-27-07 16:54:18.157 [35m[main][0;39m [34mINFO [0;39m o.a.catalina.core.StandardEngine.log - Starting Servlet engine: [Apache Tomcat/9.0.41]
2022-27-07 16:54:18.280 [35m[main][0;39m [34mINFO [0;39m o.a.c.c.C.[Tomcat].[localhost].[/].log - Initializing Spring embedded WebApplicationContext
2022-27-07 16:54:18.281 [35m[main][0;39m [34mINFO [0;39m o.s.b.w.s.c.ServletWebServerApplicationContext.prepareWebApplicationContext - Root WebApplicationContext: initialization completed in 2787 ms
2022-27-07 16:54:19.152 [35m[main][0;39m [34mINFO [0;39m c.a.d.s.b.a.DruidDataSourceAutoConfigure.dataSource - Init DruidDataSource
2022-27-07 16:54:19.244 [35m[main][0;39m [31mWARN [0;39m o.s.b.w.s.c.AnnotationConfigServletWebServerApplicationContext.refresh - Exception encountered during context initialization - cancelling refresh attempt: org.springframework.beans.factory.UnsatisfiedDependencyException: Error creating bean with name 'documentationPluginsBootstrapper' defined in URL [jar:file:/Users/zhangyizheng/repository/io/springfox/springfox-spring-web/3.0.0/springfox-spring-web-3.0.0.jar!/springfox/documentation/spring/web/plugins/DocumentationPluginsBootstrapper.class]: Unsatisfied dependency expressed through constructor parameter 1; nested exception is org.springframework.beans.factory.UnsatisfiedDependencyException: Error creating bean with name 'webMvcRequestHandlerProvider' defined in URL [jar:file:/Users/zhangyizheng/repository/io/springfox/springfox-spring-webmvc/3.0.0/springfox-spring-webmvc-3.0.0.jar!/springfox/documentation/spring/web/plugins/WebMvcRequestHandlerProvider.class]: Unsatisfied dependency expressed through constructor parameter 2; nested exception is org.springframework.beans.factory.BeanCreationException: Error creating bean with name 'webEndpointServletHandlerMapping' defined in class path resource [org/springframework/boot/actuate/autoconfigure/endpoint/web/servlet/WebMvcEndpointManagementContextConfiguration.class]: Bean instantiation via factory method failed; nested exception is org.springframework.beans.BeanInstantiationException: Failed to instantiate [org.springframework.boot.actuate.endpoint.web.servlet.WebMvcEndpointHandlerMapping]: Factory method 'webEndpointServletHandlerMapping' threw exception; nested exception is org.springframework.beans.factory.UnsatisfiedDependencyException: Error creating bean with name 'healthEndpoint' defined in class path resource [org/springframework/boot/actuate/autoconfigure/health/HealthEndpointConfiguration.class]: Unsatisfied dependency expressed through method 'healthEndpoint' parameter 0; nested exception is org.springframework.beans.factory.BeanCreationException: Error creating bean with name 'healthContributorRegistry' defined in class path resource [org/springframework/boot/actuate/autoconfigure/health/HealthEndpointConfiguration.class]: Bean instantiation via factory method failed; nested exception is org.springframework.beans.BeanInstantiationException: Failed to instantiate [org.springframework.boot.actuate.health.HealthContributorRegistry]: Factory method 'healthContributorRegistry' threw exception; nested exception is org.springframework.beans.factory.UnsatisfiedDependencyException: Error creating bean with name 'org.springframework.boot.actuate.autoconfigure.jdbc.DataSourceHealthContributorAutoConfiguration': Unsatisfied dependency expressed through constructor parameter 0; nested exception is org.springframework.beans.factory.BeanCreationException: Error creating bean with name 'dataSource' defined in class path resource [com/alibaba/druid/spring/boot/autoconfigure/DruidDataSourceAutoConfigure.class]: Invocation of init method failed; nested exception is org.springframework.boot.autoconfigure.jdbc.DataSourceProperties$DataSourceBeanCreationException: Failed to determine a suitable driver class
2022-27-07 16:54:19.251 [35m[main][0;39m [34mINFO [0;39m o.a.catalina.core.StandardService.log - Stopping service [Tomcat]
2022-27-07 16:54:19.306 [35m[main][0;39m [34mINFO [0;39m o.s.b.a.l.ConditionEvaluationReportLoggingListener.logMessage - 

Error starting ApplicationContext. To display the conditions report re-run your application with 'debug' enabled.
2022-27-07 16:54:19.322 [35m[main][0;39m [1;31mERROR[0;39m o.s.b.d.LoggingFailureAnalysisReporter.report - 

***************************
APPLICATION FAILED TO START
***************************

Description:

Failed to configure a DataSource: 'url' attribute is not specified and no embedded datasource could be configured.

Reason: Failed to determine a suitable driver class


Action:

Consider the following:
	If you want an embedded database (H2, HSQL or Derby), please put it on the classpath.
	If you have database settings to be loaded from a particular profile you may need to activate it (no profiles are currently active).

2022-27-07 20:49:39.669 [35m[background-preinit][0;39m [34mINFO [0;39m o.h.validator.internal.util.Version.<clinit> - HV000001: Hibernate Validator 6.1.7.Final
2022-27-07 20:49:40.244 [35m[main][0;39m [34mINFO [0;39m com.ctf.file.CtfFileApplication.logStartupProfileInfo - The following profiles are active: dev
2022-27-07 20:49:41.660 [35m[main][0;39m [31mWARN [0;39m o.m.s.mapper.ClassPathMapperScanner.warn - No MyBatis mapper was found in '[com.ctf.file]' package. Please check your configuration.
2022-27-07 20:49:41.792 [35m[main][0;39m [34mINFO [0;39m o.s.cloud.context.scope.GenericScope.setSerializationId - BeanFactory id=9a71694c-b039-3f9a-807f-0ca813457fd0
2022-27-07 20:49:41.945 [35m[main][0;39m [34mINFO [0;39m o.s.c.s.PostProcessorRegistrationDelegate$BeanPostProcessorChecker.postProcessAfterInitialization - Bean 'org.springframework.security.access.expression.method.DefaultMethodSecurityExpressionHandler@61b838f2' of type [org.springframework.security.oauth2.provider.expression.OAuth2MethodSecurityExpressionHandler] is not eligible for getting processed by all BeanPostProcessors (for example: not eligible for auto-proxying)
2022-27-07 20:49:41.951 [35m[main][0;39m [34mINFO [0;39m o.s.c.s.PostProcessorRegistrationDelegate$BeanPostProcessorChecker.postProcessAfterInitialization - Bean 'methodSecurityMetadataSource' of type [org.springframework.security.access.method.DelegatingMethodSecurityMetadataSource] is not eligible for getting processed by all BeanPostProcessors (for example: not eligible for auto-proxying)
2022-27-07 20:49:42.269 [35m[main][0;39m [34mINFO [0;39m o.s.b.w.e.tomcat.TomcatWebServer.initialize - Tomcat initialized with port(s): 8080 (http)
2022-27-07 20:49:42.280 [35m[main][0;39m [34mINFO [0;39m o.a.coyote.http11.Http11NioProtocol.log - Initializing ProtocolHandler ["http-nio-8080"]
2022-27-07 20:49:42.280 [35m[main][0;39m [34mINFO [0;39m o.a.catalina.core.StandardService.log - Starting service [Tomcat]
2022-27-07 20:49:42.281 [35m[main][0;39m [34mINFO [0;39m o.a.catalina.core.StandardEngine.log - Starting Servlet engine: [Apache Tomcat/9.0.41]
2022-27-07 20:49:42.384 [35m[main][0;39m [34mINFO [0;39m o.a.c.c.C.[Tomcat].[localhost].[/].log - Initializing Spring embedded WebApplicationContext
2022-27-07 20:49:42.384 [35m[main][0;39m [34mINFO [0;39m o.s.b.w.s.c.ServletWebServerApplicationContext.prepareWebApplicationContext - Root WebApplicationContext: initialization completed in 2105 ms
2022-27-07 20:49:43.220 [35m[main][0;39m [34mINFO [0;39m c.a.d.s.b.a.DruidDataSourceAutoConfigure.dataSource - Init DruidDataSource
2022-27-07 20:49:43.297 [35m[main][0;39m [31mWARN [0;39m o.s.b.w.s.c.AnnotationConfigServletWebServerApplicationContext.refresh - Exception encountered during context initialization - cancelling refresh attempt: org.springframework.beans.factory.UnsatisfiedDependencyException: Error creating bean with name 'documentationPluginsBootstrapper' defined in URL [jar:file:/Users/zhangyizheng/repository/io/springfox/springfox-spring-web/3.0.0/springfox-spring-web-3.0.0.jar!/springfox/documentation/spring/web/plugins/DocumentationPluginsBootstrapper.class]: Unsatisfied dependency expressed through constructor parameter 1; nested exception is org.springframework.beans.factory.UnsatisfiedDependencyException: Error creating bean with name 'webMvcRequestHandlerProvider' defined in URL [jar:file:/Users/zhangyizheng/repository/io/springfox/springfox-spring-webmvc/3.0.0/springfox-spring-webmvc-3.0.0.jar!/springfox/documentation/spring/web/plugins/WebMvcRequestHandlerProvider.class]: Unsatisfied dependency expressed through constructor parameter 2; nested exception is org.springframework.beans.factory.BeanCreationException: Error creating bean with name 'webEndpointServletHandlerMapping' defined in class path resource [org/springframework/boot/actuate/autoconfigure/endpoint/web/servlet/WebMvcEndpointManagementContextConfiguration.class]: Bean instantiation via factory method failed; nested exception is org.springframework.beans.BeanInstantiationException: Failed to instantiate [org.springframework.boot.actuate.endpoint.web.servlet.WebMvcEndpointHandlerMapping]: Factory method 'webEndpointServletHandlerMapping' threw exception; nested exception is org.springframework.beans.factory.UnsatisfiedDependencyException: Error creating bean with name 'healthEndpoint' defined in class path resource [org/springframework/boot/actuate/autoconfigure/health/HealthEndpointConfiguration.class]: Unsatisfied dependency expressed through method 'healthEndpoint' parameter 0; nested exception is org.springframework.beans.factory.BeanCreationException: Error creating bean with name 'healthContributorRegistry' defined in class path resource [org/springframework/boot/actuate/autoconfigure/health/HealthEndpointConfiguration.class]: Bean instantiation via factory method failed; nested exception is org.springframework.beans.BeanInstantiationException: Failed to instantiate [org.springframework.boot.actuate.health.HealthContributorRegistry]: Factory method 'healthContributorRegistry' threw exception; nested exception is org.springframework.beans.factory.UnsatisfiedDependencyException: Error creating bean with name 'org.springframework.boot.actuate.autoconfigure.jdbc.DataSourceHealthContributorAutoConfiguration': Unsatisfied dependency expressed through constructor parameter 0; nested exception is org.springframework.beans.factory.BeanCreationException: Error creating bean with name 'dataSource' defined in class path resource [com/alibaba/druid/spring/boot/autoconfigure/DruidDataSourceAutoConfigure.class]: Invocation of init method failed; nested exception is org.springframework.boot.autoconfigure.jdbc.DataSourceProperties$DataSourceBeanCreationException: Failed to determine a suitable driver class
2022-27-07 20:49:43.303 [35m[main][0;39m [34mINFO [0;39m o.a.catalina.core.StandardService.log - Stopping service [Tomcat]
2022-27-07 20:49:43.342 [35m[main][0;39m [34mINFO [0;39m o.s.b.a.l.ConditionEvaluationReportLoggingListener.logMessage - 

Error starting ApplicationContext. To display the conditions report re-run your application with 'debug' enabled.
2022-27-07 20:49:43.345 [35m[main][0;39m [1;31mERROR[0;39m o.s.b.d.LoggingFailureAnalysisReporter.report - 

***************************
APPLICATION FAILED TO START
***************************

Description:

Failed to configure a DataSource: 'url' attribute is not specified and no embedded datasource could be configured.

Reason: Failed to determine a suitable driver class


Action:

Consider the following:
	If you want an embedded database (H2, HSQL or Derby), please put it on the classpath.
	If you have database settings to be loaded from a particular profile you may need to activate it (no profiles are currently active).

2022-27-07 20:52:07.829 [35m[background-preinit][0;39m [34mINFO [0;39m o.h.validator.internal.util.Version.<clinit> - HV000001: Hibernate Validator 6.1.7.Final
2022-27-07 20:52:08.478 [35m[main][0;39m [34mINFO [0;39m com.ctf.file.CtfFileApplication.logStartupProfileInfo - The following profiles are active: dev
2022-27-07 20:52:10.107 [35m[main][0;39m [31mWARN [0;39m o.m.s.mapper.ClassPathMapperScanner.warn - No MyBatis mapper was found in '[com.ctf.file]' package. Please check your configuration.
2022-27-07 20:52:10.261 [35m[main][0;39m [34mINFO [0;39m o.s.cloud.context.scope.GenericScope.setSerializationId - BeanFactory id=9a71694c-b039-3f9a-807f-0ca813457fd0
2022-27-07 20:52:10.427 [35m[main][0;39m [34mINFO [0;39m o.s.c.s.PostProcessorRegistrationDelegate$BeanPostProcessorChecker.postProcessAfterInitialization - Bean 'org.springframework.security.access.expression.method.DefaultMethodSecurityExpressionHandler@1a88c4f5' of type [org.springframework.security.oauth2.provider.expression.OAuth2MethodSecurityExpressionHandler] is not eligible for getting processed by all BeanPostProcessors (for example: not eligible for auto-proxying)
2022-27-07 20:52:10.434 [35m[main][0;39m [34mINFO [0;39m o.s.c.s.PostProcessorRegistrationDelegate$BeanPostProcessorChecker.postProcessAfterInitialization - Bean 'methodSecurityMetadataSource' of type [org.springframework.security.access.method.DelegatingMethodSecurityMetadataSource] is not eligible for getting processed by all BeanPostProcessors (for example: not eligible for auto-proxying)
2022-27-07 20:52:10.794 [35m[main][0;39m [34mINFO [0;39m o.s.b.w.e.tomcat.TomcatWebServer.initialize - Tomcat initialized with port(s): 8080 (http)
2022-27-07 20:52:10.806 [35m[main][0;39m [34mINFO [0;39m o.a.coyote.http11.Http11NioProtocol.log - Initializing ProtocolHandler ["http-nio-8080"]
2022-27-07 20:52:10.806 [35m[main][0;39m [34mINFO [0;39m o.a.catalina.core.StandardService.log - Starting service [Tomcat]
2022-27-07 20:52:10.807 [35m[main][0;39m [34mINFO [0;39m o.a.catalina.core.StandardEngine.log - Starting Servlet engine: [Apache Tomcat/9.0.41]
2022-27-07 20:52:10.960 [35m[main][0;39m [34mINFO [0;39m o.a.c.c.C.[Tomcat].[localhost].[/].log - Initializing Spring embedded WebApplicationContext
2022-27-07 20:52:10.961 [35m[main][0;39m [34mINFO [0;39m o.s.b.w.s.c.ServletWebServerApplicationContext.prepareWebApplicationContext - Root WebApplicationContext: initialization completed in 2432 ms
2022-27-07 20:52:11.739 [35m[main][0;39m [34mINFO [0;39m c.a.d.s.b.a.DruidDataSourceAutoConfigure.dataSource - Init DruidDataSource
2022-27-07 20:52:11.818 [35m[main][0;39m [31mWARN [0;39m o.s.b.w.s.c.AnnotationConfigServletWebServerApplicationContext.refresh - Exception encountered during context initialization - cancelling refresh attempt: org.springframework.beans.factory.UnsatisfiedDependencyException: Error creating bean with name 'documentationPluginsBootstrapper' defined in URL [jar:file:/Users/zhangyizheng/repository/io/springfox/springfox-spring-web/3.0.0/springfox-spring-web-3.0.0.jar!/springfox/documentation/spring/web/plugins/DocumentationPluginsBootstrapper.class]: Unsatisfied dependency expressed through constructor parameter 1; nested exception is org.springframework.beans.factory.UnsatisfiedDependencyException: Error creating bean with name 'webMvcRequestHandlerProvider' defined in URL [jar:file:/Users/zhangyizheng/repository/io/springfox/springfox-spring-webmvc/3.0.0/springfox-spring-webmvc-3.0.0.jar!/springfox/documentation/spring/web/plugins/WebMvcRequestHandlerProvider.class]: Unsatisfied dependency expressed through constructor parameter 2; nested exception is org.springframework.beans.factory.BeanCreationException: Error creating bean with name 'webEndpointServletHandlerMapping' defined in class path resource [org/springframework/boot/actuate/autoconfigure/endpoint/web/servlet/WebMvcEndpointManagementContextConfiguration.class]: Bean instantiation via factory method failed; nested exception is org.springframework.beans.BeanInstantiationException: Failed to instantiate [org.springframework.boot.actuate.endpoint.web.servlet.WebMvcEndpointHandlerMapping]: Factory method 'webEndpointServletHandlerMapping' threw exception; nested exception is org.springframework.beans.factory.UnsatisfiedDependencyException: Error creating bean with name 'healthEndpoint' defined in class path resource [org/springframework/boot/actuate/autoconfigure/health/HealthEndpointConfiguration.class]: Unsatisfied dependency expressed through method 'healthEndpoint' parameter 0; nested exception is org.springframework.beans.factory.BeanCreationException: Error creating bean with name 'healthContributorRegistry' defined in class path resource [org/springframework/boot/actuate/autoconfigure/health/HealthEndpointConfiguration.class]: Bean instantiation via factory method failed; nested exception is org.springframework.beans.BeanInstantiationException: Failed to instantiate [org.springframework.boot.actuate.health.HealthContributorRegistry]: Factory method 'healthContributorRegistry' threw exception; nested exception is org.springframework.beans.factory.UnsatisfiedDependencyException: Error creating bean with name 'org.springframework.boot.actuate.autoconfigure.jdbc.DataSourceHealthContributorAutoConfiguration': Unsatisfied dependency expressed through constructor parameter 0; nested exception is org.springframework.beans.factory.BeanCreationException: Error creating bean with name 'dataSource' defined in class path resource [com/alibaba/druid/spring/boot/autoconfigure/DruidDataSourceAutoConfigure.class]: Invocation of init method failed; nested exception is org.springframework.boot.autoconfigure.jdbc.DataSourceProperties$DataSourceBeanCreationException: Failed to determine a suitable driver class
2022-27-07 20:52:11.825 [35m[main][0;39m [34mINFO [0;39m o.a.catalina.core.StandardService.log - Stopping service [Tomcat]
2022-27-07 20:52:11.856 [35m[main][0;39m [34mINFO [0;39m o.s.b.a.l.ConditionEvaluationReportLoggingListener.logMessage - 

Error starting ApplicationContext. To display the conditions report re-run your application with 'debug' enabled.
2022-27-07 20:52:11.859 [35m[main][0;39m [1;31mERROR[0;39m o.s.b.d.LoggingFailureAnalysisReporter.report - 

***************************
APPLICATION FAILED TO START
***************************

Description:

Failed to configure a DataSource: 'url' attribute is not specified and no embedded datasource could be configured.

Reason: Failed to determine a suitable driver class


Action:

Consider the following:
	If you want an embedded database (H2, HSQL or Derby), please put it on the classpath.
	If you have database settings to be loaded from a particular profile you may need to activate it (no profiles are currently active).

